2024-02-09 15:34:17,727  INFO [main] LoginPageTest:21 - opening webiste
2024-02-09 15:34:36,113  INFO [main] LoginPageTest:21 - opening webiste
2024-02-09 15:34:44,710  INFO [main] LoginPageTest:21 - opening webiste
2024-02-09 15:34:45,401 DEBUG [main] cache:45 - Couldn't find template in cache for "Extent.ftl"("en_IN", UTF-8, parsed); will try to load it.
2024-02-09 15:34:45,401 DEBUG [main] cache:45 - TemplateLoader.findTemplateSource("Extent_en_IN.ftl"): Not found
2024-02-09 15:34:45,403 DEBUG [main] cache:45 - TemplateLoader.findTemplateSource("Extent_en.ftl"): Not found
2024-02-09 15:34:45,407 DEBUG [main] cache:45 - TemplateLoader.findTemplateSource("Extent.ftl"): Found
2024-02-09 15:34:45,407 DEBUG [main] cache:45 - Loading template for "Extent.ftl"("en_IN", UTF-8, parsed) from "jar:file:/C:/Users/Selvakannan%20A/.m2/repository/com/relevantcodes/extentreports/2.41.2/extentreports-2.41.2.jar!/com/relevantcodes/extentreports/view/Extent.ftl"
2024-02-09 15:34:45,541 DEBUG [main] cache:45 - Couldn't find template in cache for "Extent.ftl"("en_IN", UTF-8, parsed); will try to load it.
2024-02-09 15:34:45,542 DEBUG [main] cache:45 - TemplateLoader.findTemplateSource("Extent_en_IN.ftl"): Not found
2024-02-09 15:34:45,543 DEBUG [main] cache:45 - TemplateLoader.findTemplateSource("Extent_en.ftl"): Not found
2024-02-09 15:34:45,543 DEBUG [main] cache:45 - TemplateLoader.findTemplateSource("Extent.ftl"): Found
2024-02-09 15:34:45,543 DEBUG [main] cache:45 - Loading template for "Extent.ftl"("en_IN", UTF-8, parsed) from "jar:file:/C:/Users/Selvakannan%20A/.m2/repository/com/relevantcodes/extentreports/2.41.2/extentreports-2.41.2.jar!/com/relevantcodes/extentreports/view/Extent.ftl"
2024-02-09 16:26:56,081 DEBUG [main] cache:45 - Couldn't find template in cache for "Extent.ftl"("en_IN", UTF-8, parsed); will try to load it.
2024-02-09 16:26:56,083 DEBUG [main] cache:45 - TemplateLoader.findTemplateSource("Extent_en_IN.ftl"): Not found
2024-02-09 16:26:56,088 DEBUG [main] cache:45 - TemplateLoader.findTemplateSource("Extent_en.ftl"): Not found
2024-02-09 16:26:56,090 DEBUG [main] cache:45 - TemplateLoader.findTemplateSource("Extent.ftl"): Found
2024-02-09 16:26:56,090 DEBUG [main] cache:45 - Loading template for "Extent.ftl"("en_IN", UTF-8, parsed) from "jar:file:/C:/Users/Selvakannan%20A/.m2/repository/com/relevantcodes/extentreports/2.41.2/extentreports-2.41.2.jar!/com/relevantcodes/extentreports/view/Extent.ftl"
2024-02-09 16:26:56,305 DEBUG [main] cache:45 - Couldn't find template in cache for "Extent.ftl"("en_IN", UTF-8, parsed); will try to load it.
2024-02-09 16:26:56,305 DEBUG [main] cache:45 - TemplateLoader.findTemplateSource("Extent_en_IN.ftl"): Not found
2024-02-09 16:26:56,306 DEBUG [main] cache:45 - TemplateLoader.findTemplateSource("Extent_en.ftl"): Not found
2024-02-09 16:26:56,306 DEBUG [main] cache:45 - TemplateLoader.findTemplateSource("Extent.ftl"): Found
2024-02-09 16:26:56,307 DEBUG [main] cache:45 - Loading template for "Extent.ftl"("en_IN", UTF-8, parsed) from "jar:file:/C:/Users/Selvakannan%20A/.m2/repository/com/relevantcodes/extentreports/2.41.2/extentreports-2.41.2.jar!/com/relevantcodes/extentreports/view/Extent.ftl"
2024-02-09 16:30:45,921 DEBUG [main] cache:45 - Couldn't find template in cache for "Extent.ftl"("en_IN", UTF-8, parsed); will try to load it.
2024-02-09 16:30:45,923 DEBUG [main] cache:45 - TemplateLoader.findTemplateSource("Extent_en_IN.ftl"): Not found
2024-02-09 16:30:45,927 DEBUG [main] cache:45 - TemplateLoader.findTemplateSource("Extent_en.ftl"): Not found
2024-02-09 16:30:45,929 DEBUG [main] cache:45 - TemplateLoader.findTemplateSource("Extent.ftl"): Found
2024-02-09 16:30:45,930 DEBUG [main] cache:45 - Loading template for "Extent.ftl"("en_IN", UTF-8, parsed) from "jar:file:/C:/Users/Selvakannan%20A/.m2/repository/com/relevantcodes/extentreports/2.41.2/extentreports-2.41.2.jar!/com/relevantcodes/extentreports/view/Extent.ftl"
2024-02-09 16:30:46,113 DEBUG [main] cache:45 - Couldn't find template in cache for "Extent.ftl"("en_IN", UTF-8, parsed); will try to load it.
2024-02-09 16:30:46,114 DEBUG [main] cache:45 - TemplateLoader.findTemplateSource("Extent_en_IN.ftl"): Not found
2024-02-09 16:30:46,115 DEBUG [main] cache:45 - TemplateLoader.findTemplateSource("Extent_en.ftl"): Not found
2024-02-09 16:30:46,115 DEBUG [main] cache:45 - TemplateLoader.findTemplateSource("Extent.ftl"): Found
2024-02-09 16:30:46,116 DEBUG [main] cache:45 - Loading template for "Extent.ftl"("en_IN", UTF-8, parsed) from "jar:file:/C:/Users/Selvakannan%20A/.m2/repository/com/relevantcodes/extentreports/2.41.2/extentreports-2.41.2.jar!/com/relevantcodes/extentreports/view/Extent.ftl"
2024-02-09 17:23:09,320 DEBUG [main] cache:45 - Couldn't find template in cache for "Extent.ftl"("en_IN", UTF-8, parsed); will try to load it.
2024-02-09 17:23:09,324 DEBUG [main] cache:45 - TemplateLoader.findTemplateSource("Extent_en_IN.ftl"): Not found
2024-02-09 17:23:09,327 DEBUG [main] cache:45 - TemplateLoader.findTemplateSource("Extent_en.ftl"): Not found
2024-02-09 17:23:09,329 DEBUG [main] cache:45 - TemplateLoader.findTemplateSource("Extent.ftl"): Found
2024-02-09 17:23:09,329 DEBUG [main] cache:45 - Loading template for "Extent.ftl"("en_IN", UTF-8, parsed) from "jar:file:/C:/Users/Selvakannan%20A/.m2/repository/com/relevantcodes/extentreports/2.41.2/extentreports-2.41.2.jar!/com/relevantcodes/extentreports/view/Extent.ftl"
2024-02-09 17:23:09,518 DEBUG [main] cache:45 - Couldn't find template in cache for "Extent.ftl"("en_IN", UTF-8, parsed); will try to load it.
2024-02-09 17:23:09,519 DEBUG [main] cache:45 - TemplateLoader.findTemplateSource("Extent_en_IN.ftl"): Not found
2024-02-09 17:23:09,519 DEBUG [main] cache:45 - TemplateLoader.findTemplateSource("Extent_en.ftl"): Not found
2024-02-09 17:23:09,520 DEBUG [main] cache:45 - TemplateLoader.findTemplateSource("Extent.ftl"): Found
2024-02-09 17:23:09,520 DEBUG [main] cache:45 - Loading template for "Extent.ftl"("en_IN", UTF-8, parsed) from "jar:file:/C:/Users/Selvakannan%20A/.m2/repository/com/relevantcodes/extentreports/2.41.2/extentreports-2.41.2.jar!/com/relevantcodes/extentreports/view/Extent.ftl"
2024-02-12 10:57:16,615 DEBUG [main] cache:45 - Couldn't find template in cache for "Extent.ftl"("en_IN", UTF-8, parsed); will try to load it.
2024-02-12 10:57:16,618 DEBUG [main] cache:45 - TemplateLoader.findTemplateSource("Extent_en_IN.ftl"): Not found
2024-02-12 10:57:16,619 DEBUG [main] cache:45 - TemplateLoader.findTemplateSource("Extent_en.ftl"): Not found
2024-02-12 10:57:16,621 DEBUG [main] cache:45 - TemplateLoader.findTemplateSource("Extent.ftl"): Found
2024-02-12 10:57:16,621 DEBUG [main] cache:45 - Loading template for "Extent.ftl"("en_IN", UTF-8, parsed) from "jar:file:/C:/Users/Selvakannan%20A/.m2/repository/com/relevantcodes/extentreports/2.41.2/extentreports-2.41.2.jar!/com/relevantcodes/extentreports/view/Extent.ftl"
2024-02-12 10:57:16,756 DEBUG [main] cache:45 - Couldn't find template in cache for "Extent.ftl"("en_IN", UTF-8, parsed); will try to load it.
2024-02-12 10:57:16,756 DEBUG [main] cache:45 - TemplateLoader.findTemplateSource("Extent_en_IN.ftl"): Not found
2024-02-12 10:57:16,757 DEBUG [main] cache:45 - TemplateLoader.findTemplateSource("Extent_en.ftl"): Not found
2024-02-12 10:57:16,757 DEBUG [main] cache:45 - TemplateLoader.findTemplateSource("Extent.ftl"): Found
2024-02-12 10:57:16,758 DEBUG [main] cache:45 - Loading template for "Extent.ftl"("en_IN", UTF-8, parsed) from "jar:file:/C:/Users/Selvakannan%20A/.m2/repository/com/relevantcodes/extentreports/2.41.2/extentreports-2.41.2.jar!/com/relevantcodes/extentreports/view/Extent.ftl"
2024-02-12 16:46:19,672 DEBUG [main] cache:45 - Couldn't find template in cache for "Extent.ftl"("en_IN", UTF-8, parsed); will try to load it.
2024-02-12 16:46:19,675 DEBUG [main] cache:45 - TemplateLoader.findTemplateSource("Extent_en_IN.ftl"): Not found
2024-02-12 16:46:19,677 DEBUG [main] cache:45 - TemplateLoader.findTemplateSource("Extent_en.ftl"): Not found
2024-02-12 16:46:19,679 DEBUG [main] cache:45 - TemplateLoader.findTemplateSource("Extent.ftl"): Found
2024-02-12 16:46:19,680 DEBUG [main] cache:45 - Loading template for "Extent.ftl"("en_IN", UTF-8, parsed) from "jar:file:/C:/Users/Selvakannan%20A/.m2/repository/com/relevantcodes/extentreports/2.41.2/extentreports-2.41.2.jar!/com/relevantcodes/extentreports/view/Extent.ftl"
2024-02-12 16:46:19,830 DEBUG [main] cache:45 - Couldn't find template in cache for "Extent.ftl"("en_IN", UTF-8, parsed); will try to load it.
2024-02-12 16:46:19,831 DEBUG [main] cache:45 - TemplateLoader.findTemplateSource("Extent_en_IN.ftl"): Not found
2024-02-12 16:46:19,831 DEBUG [main] cache:45 - TemplateLoader.findTemplateSource("Extent_en.ftl"): Not found
2024-02-12 16:46:19,832 DEBUG [main] cache:45 - TemplateLoader.findTemplateSource("Extent.ftl"): Found
2024-02-12 16:46:19,832 DEBUG [main] cache:45 - Loading template for "Extent.ftl"("en_IN", UTF-8, parsed) from "jar:file:/C:/Users/Selvakannan%20A/.m2/repository/com/relevantcodes/extentreports/2.41.2/extentreports-2.41.2.jar!/com/relevantcodes/extentreports/view/Extent.ftl"
2024-02-12 16:50:21,927 DEBUG [main] cache:45 - Couldn't find template in cache for "Extent.ftl"("en_IN", UTF-8, parsed); will try to load it.
2024-02-12 16:50:21,929 DEBUG [main] cache:45 - TemplateLoader.findTemplateSource("Extent_en_IN.ftl"): Not found
2024-02-12 16:50:21,931 DEBUG [main] cache:45 - TemplateLoader.findTemplateSource("Extent_en.ftl"): Not found
2024-02-12 16:50:21,933 DEBUG [main] cache:45 - TemplateLoader.findTemplateSource("Extent.ftl"): Found
2024-02-12 16:50:21,933 DEBUG [main] cache:45 - Loading template for "Extent.ftl"("en_IN", UTF-8, parsed) from "jar:file:/C:/Users/Selvakannan%20A/.m2/repository/com/relevantcodes/extentreports/2.41.2/extentreports-2.41.2.jar!/com/relevantcodes/extentreports/view/Extent.ftl"
2024-02-12 16:50:22,068 DEBUG [main] cache:45 - Couldn't find template in cache for "Extent.ftl"("en_IN", UTF-8, parsed); will try to load it.
2024-02-12 16:50:22,068 DEBUG [main] cache:45 - TemplateLoader.findTemplateSource("Extent_en_IN.ftl"): Not found
2024-02-12 16:50:22,069 DEBUG [main] cache:45 - TemplateLoader.findTemplateSource("Extent_en.ftl"): Not found
2024-02-12 16:50:22,069 DEBUG [main] cache:45 - TemplateLoader.findTemplateSource("Extent.ftl"): Found
2024-02-12 16:50:22,069 DEBUG [main] cache:45 - Loading template for "Extent.ftl"("en_IN", UTF-8, parsed) from "jar:file:/C:/Users/Selvakannan%20A/.m2/repository/com/relevantcodes/extentreports/2.41.2/extentreports-2.41.2.jar!/com/relevantcodes/extentreports/view/Extent.ftl"
2024-02-12 16:54:54,478 DEBUG [main] cache:45 - Couldn't find template in cache for "Extent.ftl"("en_IN", UTF-8, parsed); will try to load it.
2024-02-12 16:54:54,481 DEBUG [main] cache:45 - TemplateLoader.findTemplateSource("Extent_en_IN.ftl"): Not found
2024-02-12 16:54:54,483 DEBUG [main] cache:45 - TemplateLoader.findTemplateSource("Extent_en.ftl"): Not found
2024-02-12 16:54:54,484 DEBUG [main] cache:45 - TemplateLoader.findTemplateSource("Extent.ftl"): Found
2024-02-12 16:54:54,485 DEBUG [main] cache:45 - Loading template for "Extent.ftl"("en_IN", UTF-8, parsed) from "jar:file:/C:/Users/Selvakannan%20A/.m2/repository/com/relevantcodes/extentreports/2.41.2/extentreports-2.41.2.jar!/com/relevantcodes/extentreports/view/Extent.ftl"
2024-02-12 16:54:54,614 DEBUG [main] cache:45 - Couldn't find template in cache for "Extent.ftl"("en_IN", UTF-8, parsed); will try to load it.
2024-02-12 16:54:54,614 DEBUG [main] cache:45 - TemplateLoader.findTemplateSource("Extent_en_IN.ftl"): Not found
2024-02-12 16:54:54,615 DEBUG [main] cache:45 - TemplateLoader.findTemplateSource("Extent_en.ftl"): Not found
2024-02-12 16:54:54,616 DEBUG [main] cache:45 - TemplateLoader.findTemplateSource("Extent.ftl"): Found
2024-02-12 16:54:54,616 DEBUG [main] cache:45 - Loading template for "Extent.ftl"("en_IN", UTF-8, parsed) from "jar:file:/C:/Users/Selvakannan%20A/.m2/repository/com/relevantcodes/extentreports/2.41.2/extentreports-2.41.2.jar!/com/relevantcodes/extentreports/view/Extent.ftl"
2024-02-13 17:15:59,879 DEBUG [main] cache:45 - Couldn't find template in cache for "Extent.ftl"("en_IN", UTF-8, parsed); will try to load it.
2024-02-13 17:15:59,882 DEBUG [main] cache:45 - TemplateLoader.findTemplateSource("Extent_en_IN.ftl"): Not found
2024-02-13 17:15:59,883 DEBUG [main] cache:45 - TemplateLoader.findTemplateSource("Extent_en.ftl"): Not found
2024-02-13 17:15:59,884 DEBUG [main] cache:45 - TemplateLoader.findTemplateSource("Extent.ftl"): Found
2024-02-13 17:15:59,886 DEBUG [main] cache:45 - Loading template for "Extent.ftl"("en_IN", UTF-8, parsed) from "jar:file:/C:/Users/Selvakannan%20A/.m2/repository/com/relevantcodes/extentreports/2.41.2/extentreports-2.41.2.jar!/com/relevantcodes/extentreports/view/Extent.ftl"
2024-02-13 17:16:00,014 DEBUG [main] cache:45 - Couldn't find template in cache for "Extent.ftl"("en_IN", UTF-8, parsed); will try to load it.
2024-02-13 17:16:00,014 DEBUG [main] cache:45 - TemplateLoader.findTemplateSource("Extent_en_IN.ftl"): Not found
2024-02-13 17:16:00,014 DEBUG [main] cache:45 - TemplateLoader.findTemplateSource("Extent_en.ftl"): Not found
2024-02-13 17:16:00,015 DEBUG [main] cache:45 - TemplateLoader.findTemplateSource("Extent.ftl"): Found
2024-02-13 17:16:00,015 DEBUG [main] cache:45 - Loading template for "Extent.ftl"("en_IN", UTF-8, parsed) from "jar:file:/C:/Users/Selvakannan%20A/.m2/repository/com/relevantcodes/extentreports/2.41.2/extentreports-2.41.2.jar!/com/relevantcodes/extentreports/view/Extent.ftl"
